TN:
SF:/Users/aboutika/Documents/Echidna/BankrollKickOff/bankroll-contracts/lib/forge-std/lib/ds-test/src/test.sol
DA:1,0
DA:18,0
DA:38,0
DA:42,0
DA:47,0
DA:48,0
DA:49,0
DA:51,0
DA:52,0
DA:53,0
DA:54,0
DA:55,0
DA:56,0
DA:59,0
DA:61,0
DA:65,0
DA:66,0
DA:67,0
DA:68,0
DA:69,0
DA:70,0
DA:75,0
DA:81,0
DA:83,0
DA:107,0
DA:108,0
DA:109,0
DA:110,0
DA:111,0
DA:112,0
DA:143,0
DA:144,0
DA:145,0
DA:146,0
DA:147,0
DA:157,0
DA:158,0
DA:159,0
DA:160,0
DA:161,0
DA:162,0
DA:200,0
DA:201,0
DA:202,0
DA:203,0
DA:204,0
end_of_record

SF:/Users/aboutika/Documents/Echidna/BankrollKickOff/bankroll-contracts/lib/forge-std/src/Base.sol
DA:9,0
end_of_record

SF:/Users/aboutika/Documents/Echidna/BankrollKickOff/bankroll-contracts/lib/forge-std/src/Script.sol
DA:26,0
end_of_record

SF:/Users/aboutika/Documents/Echidna/BankrollKickOff/bankroll-contracts/lib/forge-std/src/StdAssertions.sol
DA:28,0
DA:29,0
DA:30,0
DA:31,0
DA:32,0
DA:105,0
DA:106,0
DA:108,0
DA:109,0
DA:110,0
DA:111,0
DA:112,0
DA:113,0
DA:114,0
end_of_record

SF:/Users/aboutika/Documents/Echidna/BankrollKickOff/bankroll-contracts/lib/forge-std/src/StdChains.sol
DA:66,0
end_of_record

SF:/Users/aboutika/Documents/Echidna/BankrollKickOff/bankroll-contracts/lib/forge-std/src/StdCheats.sol
end_of_record

SF:/Users/aboutika/Documents/Echidna/BankrollKickOff/bankroll-contracts/lib/forge-std/src/StdError.sol
DA:5,0
DA:6,0
DA:7,0
DA:8,0
DA:9,0
DA:10,0
DA:11,0
DA:12,0
DA:13,0
DA:14,0
end_of_record

SF:/Users/aboutika/Documents/Echidna/BankrollKickOff/bankroll-contracts/lib/forge-std/src/StdInvariant.sol
DA:72,0
DA:73,0
DA:76,0
DA:77,0
DA:80,0
DA:81,0
DA:84,0
DA:85,0
DA:88,0
DA:89,0
DA:92,0
DA:93,0
DA:96,0
DA:97,0
DA:100,0
DA:101,0
DA:104,0
DA:105,0
end_of_record

SF:/Users/aboutika/Documents/Echidna/BankrollKickOff/bankroll-contracts/lib/forge-std/src/StdJson.sol
DA:29,0
end_of_record

SF:/Users/aboutika/Documents/Echidna/BankrollKickOff/bankroll-contracts/lib/forge-std/src/StdMath.sol
DA:4,0
DA:16,0
DA:17,0
end_of_record

SF:/Users/aboutika/Documents/Echidna/BankrollKickOff/bankroll-contracts/lib/forge-std/src/StdStorage.sol
DA:16,0
DA:234,0
end_of_record

SF:/Users/aboutika/Documents/Echidna/BankrollKickOff/bankroll-contracts/lib/forge-std/src/StdStyle.sol
DA:6,0
end_of_record

SF:/Users/aboutika/Documents/Echidna/BankrollKickOff/bankroll-contracts/lib/forge-std/src/StdUtils.sol
end_of_record

SF:/Users/aboutika/Documents/Echidna/BankrollKickOff/bankroll-contracts/lib/forge-std/src/Test.sol
end_of_record

SF:/Users/aboutika/Documents/Echidna/BankrollKickOff/bankroll-contracts/lib/forge-std/src/Vm.sol
end_of_record

SF:/Users/aboutika/Documents/Echidna/BankrollKickOff/bankroll-contracts/lib/forge-std/src/console.sol
DA:4,0
DA:5,0
DA:7,0
DA:8,0
DA:11,0
DA:12,0
DA:13,0
DA:25,0
DA:26,0
DA:57,0
DA:58,0
DA:177,0
DA:178,0
DA:217,0
DA:218,0
end_of_record

SF:/Users/aboutika/Documents/Echidna/BankrollKickOff/bankroll-contracts/lib/forge-std/src/console2.sol
DA:9,0
end_of_record

SF:/Users/aboutika/Documents/Echidna/BankrollKickOff/bankroll-contracts/lib/forge-std/src/interfaces/IERC165.sol
end_of_record

SF:/Users/aboutika/Documents/Echidna/BankrollKickOff/bankroll-contracts/lib/forge-std/src/interfaces/IERC20.sol
end_of_record

SF:/Users/aboutika/Documents/Echidna/BankrollKickOff/bankroll-contracts/lib/forge-std/src/interfaces/IERC721.sol
end_of_record

SF:/Users/aboutika/Documents/Echidna/BankrollKickOff/bankroll-contracts/lib/forge-std/src/interfaces/IMulticall3.sol
end_of_record

SF:/Users/aboutika/Documents/Echidna/BankrollKickOff/bankroll-contracts/lib/forge-std/src/mocks/MockERC20.sol
DA:8,0
DA:19,0
DA:20,0
DA:23,0
DA:24,0
DA:27,0
DA:28,0
DA:41,0
DA:42,0
DA:45,0
DA:46,0
DA:49,0
DA:50,0
DA:61,0
DA:72,0
DA:73,0
DA:75,0
DA:76,0
DA:77,0
DA:79,0
DA:80,0
DA:82,0
DA:89,0
DA:90,0
DA:92,0
DA:94,0
DA:97,0
DA:98,0
DA:99,0
DA:101,0
DA:106,0
DA:107,0
DA:109,0
DA:111,0
DA:112,0
DA:114,0
DA:116,0
DA:123,0
DA:126,0
DA:127,0
DA:129,0
DA:130,0
DA:131,0
DA:133,0
DA:134,0
DA:135,0
DA:136,0
DA:139,0
DA:140,0
DA:141,0
DA:142,0
DA:153,0
DA:155,0
DA:157,0
DA:160,0
DA:161,0
DA:164,0
DA:165,0
DA:166,0
DA:167,0
DA:168,0
DA:169,0
DA:170,0
DA:171,0
DA:198,0
DA:199,0
DA:200,0
DA:204,0
DA:205,0
DA:206,0
DA:217,0
DA:220,0
DA:226,0
DA:227,0
DA:232,0
end_of_record

SF:/Users/aboutika/Documents/Echidna/BankrollKickOff/bankroll-contracts/lib/forge-std/src/mocks/MockERC721.sol
DA:8,0
DA:17,0
DA:18,0
DA:21,0
DA:22,0
DA:25,0
DA:35,0
DA:36,0
DA:39,0
DA:40,0
DA:42,0
DA:53,0
DA:54,0
DA:57,0
DA:58,0
DA:70,0
DA:71,0
DA:73,0
DA:74,0
DA:76,0
DA:83,0
DA:84,0
DA:86,0
DA:88,0
DA:90,0
DA:93,0
DA:94,0
DA:96,0
DA:99,0
DA:100,0
DA:102,0
DA:104,0
DA:105,0
DA:111,0
DA:113,0
DA:115,0
DA:117,0
DA:119,0
DA:122,0
DA:123,0
DA:125,0
DA:126,0
DA:127,0
DA:128,0
DA:133,0
DA:139,0
DA:141,0
DA:142,0
DA:143,0
DA:144,0
DA:153,0
DA:154,0
DA:155,0
DA:156,0
DA:226,0
DA:229,0
end_of_record

SF:/Users/aboutika/Documents/Echidna/BankrollKickOff/bankroll-contracts/lib/forge-std/src/safeconsole.sol
DA:6,0
end_of_record

SF:/Users/aboutika/Documents/Echidna/BankrollKickOff/bankroll-contracts/lib/openzeppelin-contracts-upgradeable/contracts/access/AccessControlUpgradeable.sol
DA:59,0
DA:72,0
DA:76,0
DA:84,10
DA:85,2
DA:91,0
DA:92,0
DA:103,0
DA:104,0
DA:114,0
DA:115,0
DA:116,0
DA:118,0
DA:120,0
DA:122,0
DA:135,0
DA:136,0
DA:151,0
DA:152,0
DA:166,0
DA:167,0
DA:186,0
DA:187,0
DA:189,0
DA:234,0
DA:235,0
DA:236,0
DA:237,0
DA:248,0
DA:249,0
DA:250,0
DA:251,0
end_of_record

SF:/Users/aboutika/Documents/Echidna/BankrollKickOff/bankroll-contracts/lib/openzeppelin-contracts-upgradeable/contracts/access/IAccessControlUpgradeable.sol
end_of_record

SF:/Users/aboutika/Documents/Echidna/BankrollKickOff/bankroll-contracts/lib/openzeppelin-contracts-upgradeable/contracts/proxy/utils/Initializable.sol
DA:84,0
DA:85,0
DA:86,0
DA:87,0
DA:90,0
DA:91,0
DA:92,0
DA:95,0
DA:96,0
DA:97,0
DA:133,0
DA:145,0
DA:146,0
DA:147,0
DA:148,0
DA:149,0
end_of_record

SF:/Users/aboutika/Documents/Echidna/BankrollKickOff/bankroll-contracts/lib/openzeppelin-contracts-upgradeable/contracts/security/ReentrancyGuardUpgradeable.sol
DA:36,0
DA:56,0
DA:58,0
DA:61,0
DA:63,0
DA:66,0
DA:72,0
end_of_record

SF:/Users/aboutika/Documents/Echidna/BankrollKickOff/bankroll-contracts/lib/openzeppelin-contracts-upgradeable/contracts/token/ERC20/IERC20Upgradeable.sol
end_of_record

SF:/Users/aboutika/Documents/Echidna/BankrollKickOff/bankroll-contracts/lib/openzeppelin-contracts-upgradeable/contracts/token/ERC20/extensions/IERC20PermitUpgradeable.sol
end_of_record

SF:/Users/aboutika/Documents/Echidna/BankrollKickOff/bankroll-contracts/lib/openzeppelin-contracts-upgradeable/contracts/token/ERC20/utils/SafeERC20Upgradeable.sol
DA:19,0
DA:26,0
DA:27,0
DA:34,0
DA:35,0
DA:82,0
DA:83,0
DA:85,0
DA:86,0
DA:87,0
DA:117,0
DA:122,0
DA:123,0
DA:134,0
DA:139,0
DA:140,0
DA:141,0
end_of_record

SF:/Users/aboutika/Documents/Echidna/BankrollKickOff/bankroll-contracts/lib/openzeppelin-contracts-upgradeable/contracts/utils/AddressUpgradeable.sol
DA:9,0
DA:45,0
DA:99,0
DA:103,0
DA:104,0
DA:128,0
DA:133,0
DA:134,0
DA:135,0
DA:136,0
DA:195,0
DA:200,0
DA:201,0
DA:202,0
DA:205,0
DA:207,0
DA:209,0
DA:233,0
DA:237,0
DA:238,0
DA:241,0
end_of_record

SF:/Users/aboutika/Documents/Echidna/BankrollKickOff/bankroll-contracts/lib/openzeppelin-contracts-upgradeable/contracts/utils/ContextUpgradeable.sol
DA:23,0
DA:24,0
end_of_record

SF:/Users/aboutika/Documents/Echidna/BankrollKickOff/bankroll-contracts/lib/openzeppelin-contracts-upgradeable/contracts/utils/StringsUpgradeable.sol
DA:12,0
DA:14,0
DA:60,0
DA:61,0
DA:62,0
DA:63,0
DA:64,0
DA:65,0
DA:66,0
DA:68,0
DA:69,0
DA:75,0
DA:76,0
end_of_record

SF:/Users/aboutika/Documents/Echidna/BankrollKickOff/bankroll-contracts/lib/openzeppelin-contracts-upgradeable/contracts/utils/introspection/ERC165Upgradeable.sol
DA:33,0
end_of_record

SF:/Users/aboutika/Documents/Echidna/BankrollKickOff/bankroll-contracts/lib/openzeppelin-contracts-upgradeable/contracts/utils/introspection/IERC165Upgradeable.sol
end_of_record

SF:/Users/aboutika/Documents/Echidna/BankrollKickOff/bankroll-contracts/lib/openzeppelin-contracts-upgradeable/contracts/utils/math/MathUpgradeable.sol
DA:9,0
end_of_record

SF:/Users/aboutika/Documents/Echidna/BankrollKickOff/bankroll-contracts/lib/openzeppelin-contracts-upgradeable/contracts/utils/math/SignedMathUpgradeable.sol
DA:9,0
end_of_record

SF:/Users/aboutika/Documents/Echidna/BankrollKickOff/bankroll-contracts/lib/openzeppelin-contracts/contracts/access/AccessControl.sol
DA:58,0
DA:71,0
DA:78,0
DA:79,0
DA:85,0
DA:86,0
DA:97,0
DA:98,0
DA:108,0
DA:109,0
DA:110,0
DA:112,0
DA:114,0
DA:116,0
DA:129,0
DA:130,0
DA:145,0
DA:146,0
DA:160,0
DA:161,0
DA:180,0
DA:181,0
DA:183,0
DA:228,0
DA:229,0
DA:230,0
DA:231,0
DA:242,0
DA:243,0
DA:244,0
DA:245,0
end_of_record

SF:/Users/aboutika/Documents/Echidna/BankrollKickOff/bankroll-contracts/lib/openzeppelin-contracts/contracts/access/IAccessControl.sol
end_of_record

SF:/Users/aboutika/Documents/Echidna/BankrollKickOff/bankroll-contracts/lib/openzeppelin-contracts/contracts/access/Ownable.sol
DA:29,0
DA:36,0
DA:43,0
DA:44,0
DA:50,0
DA:51,0
DA:61,0
DA:62,0
DA:69,0
DA:70,0
DA:71,0
DA:78,0
DA:79,0
DA:80,0
DA:81,0
end_of_record

SF:/Users/aboutika/Documents/Echidna/BankrollKickOff/bankroll-contracts/lib/openzeppelin-contracts/contracts/interfaces/IERC1967.sol
end_of_record

SF:/Users/aboutika/Documents/Echidna/BankrollKickOff/bankroll-contracts/lib/openzeppelin-contracts/contracts/interfaces/draft-IERC1822.sol
end_of_record

SF:/Users/aboutika/Documents/Echidna/BankrollKickOff/bankroll-contracts/lib/openzeppelin-contracts/contracts/proxy/Clones.sol
DA:19,0
DA:45,0
DA:50,0
DA:52,0
DA:53,0
DA:55,0
DA:61,0
DA:68,0
DA:69,0
DA:70,0
DA:71,0
DA:72,0
DA:73,0
DA:74,0
DA:75,0
end_of_record

SF:/Users/aboutika/Documents/Echidna/BankrollKickOff/bankroll-contracts/lib/openzeppelin-contracts/contracts/proxy/ERC1967/ERC1967Proxy.sol
DA:15,0
DA:22,0
DA:23,0
DA:29,4
DA:30,6
end_of_record

SF:/Users/aboutika/Documents/Echidna/BankrollKickOff/bankroll-contracts/lib/openzeppelin-contracts/contracts/proxy/ERC1967/ERC1967Upgrade.sol
DA:27,1
DA:32,2
DA:33,1
DA:39,0
DA:40,0
DA:41,0
DA:49,0
DA:50,0
DA:51,0
DA:59,0
DA:60,0
DA:61,0
DA:62,0
DA:92,1
DA:97,4
DA:98,4
DA:104,0
DA:105,0
DA:106,0
DA:114,0
DA:115,0
DA:116,0
end_of_record

SF:/Users/aboutika/Documents/Echidna/BankrollKickOff/bankroll-contracts/lib/openzeppelin-contracts/contracts/proxy/Proxy.sol
DA:22,1
DA:27,4
DA:31,7
DA:34,4
DA:36,1
DA:38,5
DA:39,3
DA:42,3
DA:58,1
DA:60,7
DA:68,1
DA:76,0
end_of_record

SF:/Users/aboutika/Documents/Echidna/BankrollKickOff/bankroll-contracts/lib/openzeppelin-contracts/contracts/proxy/beacon/IBeacon.sol
end_of_record

SF:/Users/aboutika/Documents/Echidna/BankrollKickOff/bankroll-contracts/lib/openzeppelin-contracts/contracts/proxy/transparent/ProxyAdmin.sol
DA:13,0
DA:21,0
DA:24,0
DA:25,0
DA:26,0
DA:36,0
DA:39,0
DA:51,0
DA:52,0
DA:62,0
DA:63,0
DA:74,0
DA:79,0
end_of_record

SF:/Users/aboutika/Documents/Echidna/BankrollKickOff/bankroll-contracts/lib/openzeppelin-contracts/contracts/proxy/transparent/TransparentUpgradeableProxy.sol
DA:58,7
DA:63,0
DA:64,0
DA:84,1
DA:85,10
DA:86,0
DA:87,0
DA:88,0
DA:89,0
DA:90,0
DA:91,0
DA:92,0
DA:93,0
DA:94,0
DA:95,0
DA:96,0
DA:97,0
DA:99,0
DA:102,0
DA:105,3
DA:116,0
DA:117,0
DA:119,0
DA:120,0
DA:130,0
DA:131,0
DA:133,0
DA:142,0
DA:143,0
DA:145,0
DA:146,0
DA:154,0
DA:155,0
DA:157,0
DA:158,0
DA:160,0
DA:168,0
DA:169,0
DA:170,0
DA:172,0
DA:188,0
DA:189,0
end_of_record

SF:/Users/aboutika/Documents/Echidna/BankrollKickOff/bankroll-contracts/lib/openzeppelin-contracts/contracts/security/ReentrancyGuard.sol
DA:34,0
DA:35,0
DA:40,0
DA:51,0
DA:53,0
DA:56,0
DA:58,0
DA:61,0
DA:64,0
DA:67,0
end_of_record

SF:/Users/aboutika/Documents/Echidna/BankrollKickOff/bankroll-contracts/lib/openzeppelin-contracts/contracts/token/ERC20/ERC20.sol
DA:38,0
DA:54,0
DA:55,0
DA:56,0
DA:62,8
DA:63,0
DA:70,0
DA:71,0
DA:87,0
DA:88,0
DA:94,4
DA:95,0
DA:101,10
DA:102,13
DA:113,0
DA:115,0
DA:122,3
DA:123,28
DA:136,10
DA:138,0
DA:139,0
DA:158,14
DA:160,6
DA:161,7
DA:162,2
DA:177,0
DA:179,0
DA:197,0
DA:199,0
DA:200,8
DA:202,0
DA:222,1
DA:223,5
DA:224,5
DA:228,14
DA:229,7
DA:231,20
DA:234,18
DA:237,11
DA:239,1
DA:251,1
DA:252,5
DA:256,15
DA:259,20
DA:261,10
DA:308,5
DA:309,5
DA:310,5
DA:312,32
DA:313,11
DA:324,6
DA:325,9
DA:326,4
DA:327,15
DA:329,9
DA:348,1
end_of_record

SF:/Users/aboutika/Documents/Echidna/BankrollKickOff/bankroll-contracts/lib/openzeppelin-contracts/contracts/token/ERC20/IERC20.sol
end_of_record

SF:/Users/aboutika/Documents/Echidna/BankrollKickOff/bankroll-contracts/lib/openzeppelin-contracts/contracts/token/ERC20/extensions/IERC20Metadata.sol
end_of_record

SF:/Users/aboutika/Documents/Echidna/BankrollKickOff/bankroll-contracts/lib/openzeppelin-contracts/contracts/token/ERC20/extensions/IERC20Permit.sol
end_of_record

SF:/Users/aboutika/Documents/Echidna/BankrollKickOff/bankroll-contracts/lib/openzeppelin-contracts/contracts/token/ERC20/utils/SafeERC20.sol
DA:19,0
DA:26,0
DA:27,0
DA:34,0
DA:35,0
DA:117,0
DA:122,0
DA:123,0
end_of_record

SF:/Users/aboutika/Documents/Echidna/BankrollKickOff/bankroll-contracts/lib/openzeppelin-contracts/contracts/utils/Address.sol
DA:9,0
DA:45,0
DA:99,0
DA:103,0
DA:104,0
DA:128,0
DA:133,0
DA:134,0
DA:135,0
DA:136,0
DA:170,0
DA:171,0
DA:180,0
DA:184,0
DA:185,0
DA:186,0
DA:195,0
DA:200,0
DA:201,0
DA:202,0
DA:205,0
DA:207,0
DA:209,0
DA:231,0
DA:233,0
DA:237,0
DA:238,0
DA:241,0
end_of_record

SF:/Users/aboutika/Documents/Echidna/BankrollKickOff/bankroll-contracts/lib/openzeppelin-contracts/contracts/utils/Context.sol
DA:17,0
DA:18,2
end_of_record

SF:/Users/aboutika/Documents/Echidna/BankrollKickOff/bankroll-contracts/lib/openzeppelin-contracts/contracts/utils/StorageSlot.sol
DA:34,0
DA:62,1
end_of_record

SF:/Users/aboutika/Documents/Echidna/BankrollKickOff/bankroll-contracts/lib/openzeppelin-contracts/contracts/utils/Strings.sol
DA:12,0
DA:14,0
DA:60,0
DA:61,0
DA:62,0
DA:63,0
DA:64,0
DA:65,0
DA:66,0
DA:68,0
DA:69,0
DA:75,0
DA:76,0
end_of_record

SF:/Users/aboutika/Documents/Echidna/BankrollKickOff/bankroll-contracts/lib/openzeppelin-contracts/contracts/utils/introspection/ERC165.sol
DA:27,0
end_of_record

SF:/Users/aboutika/Documents/Echidna/BankrollKickOff/bankroll-contracts/lib/openzeppelin-contracts/contracts/utils/introspection/IERC165.sol
end_of_record

SF:/Users/aboutika/Documents/Echidna/BankrollKickOff/bankroll-contracts/lib/openzeppelin-contracts/contracts/utils/math/Math.sol
DA:9,0
end_of_record

SF:/Users/aboutika/Documents/Echidna/BankrollKickOff/bankroll-contracts/lib/openzeppelin-contracts/contracts/utils/math/SignedMath.sol
DA:9,0
end_of_record

SF:/Users/aboutika/Documents/Echidna/BankrollKickOff/bankroll-contracts/lib/properties/contracts/util/Hevm.sol
DA:30,2
end_of_record

SF:/Users/aboutika/Documents/Echidna/BankrollKickOff/bankroll-contracts/lib/properties/contracts/util/PropertiesHelper.sol
DA:297,0
end_of_record

SF:/Users/aboutika/Documents/Echidna/BankrollKickOff/bankroll-contracts/script/deploy-Platform.s.sol
DA:24,0
DA:29,0
DA:30,0
DA:32,0
DA:34,0
DA:35,0
DA:36,0
DA:37,0
DA:39,0
DA:40,0
DA:41,0
DA:43,0
DA:45,0
DA:48,0
DA:49,0
DA:50,0
DA:51,0
DA:53,0
DA:54,0
DA:55,0
DA:56,0
DA:57,0
DA:58,0
DA:59,0
DA:61,0
DA:62,0
DA:64,0
DA:65,0
DA:67,0
DA:68,0
DA:69,0
DA:70,0
DA:71,0
DA:72,0
DA:73,0
DA:74,0
DA:75,0
DA:76,0
DA:77,0
DA:78,0
DA:79,0
DA:80,0
DA:81,0
DA:83,0
DA:85,0
DA:87,0
DA:89,0
DA:91,0
DA:93,0
DA:95,0
DA:97,0
DA:99,0
DA:100,0
DA:101,0
DA:102,0
DA:103,0
DA:104,0
DA:105,0
DA:106,0
DA:107,0
DA:108,0
DA:112,0
DA:114,0
DA:116,0
DA:118,0
DA:120,0
DA:122,0
DA:124,0
end_of_record

SF:/Users/aboutika/Documents/Echidna/BankrollKickOff/bankroll-contracts/script/utils/Bankroll/credit.s.sol
DA:9,0
DA:10,0
DA:12,0
DA:14,0
DA:16,0
DA:18,0
DA:19,0
DA:20,0
DA:21,0
DA:22,0
DA:23,0
DA:24,0
DA:26,0
DA:28,0
DA:30,0
DA:31,0
DA:33,0
DA:35,0
DA:37,0
end_of_record

SF:/Users/aboutika/Documents/Echidna/BankrollKickOff/bankroll-contracts/script/utils/Bankroll/debit.s.sol
DA:9,0
DA:10,0
DA:12,0
DA:14,0
DA:16,0
DA:18,0
DA:19,0
DA:20,0
DA:21,0
DA:22,0
DA:23,0
DA:24,0
DA:25,0
DA:27,0
DA:29,0
DA:31,0
DA:32,0
DA:34,0
DA:36,0
end_of_record

SF:/Users/aboutika/Documents/Echidna/BankrollKickOff/bankroll-contracts/script/utils/Bankroll/deposit-funds.s.sol
DA:12,0
DA:13,0
DA:15,0
DA:17,0
DA:19,0
DA:21,0
DA:22,0
DA:23,0
DA:24,0
DA:25,0
DA:26,0
DA:27,0
DA:29,0
DA:31,0
DA:33,0
DA:35,0
DA:37,0
DA:39,0
DA:41,0
end_of_record

SF:/Users/aboutika/Documents/Echidna/BankrollKickOff/bankroll-contracts/script/utils/Bankroll/withdrawal-stage1.s.sol
DA:9,0
DA:10,0
DA:12,0
DA:14,0
DA:16,0
DA:18,0
DA:19,0
DA:20,0
DA:21,0
DA:22,0
DA:23,0
DA:24,0
DA:26,0
DA:28,0
DA:30,0
DA:31,0
DA:33,0
DA:35,0
end_of_record

SF:/Users/aboutika/Documents/Echidna/BankrollKickOff/bankroll-contracts/script/utils/Bankroll/withdrawal-stage2.s.sol
DA:9,0
DA:10,0
DA:12,0
DA:14,0
DA:16,0
DA:18,0
DA:19,0
DA:20,0
DA:21,0
DA:22,0
DA:23,0
DA:24,0
DA:26,0
DA:30,0
DA:31,0
DA:33,0
DA:35,0
end_of_record

SF:/Users/aboutika/Documents/Echidna/BankrollKickOff/bankroll-contracts/script/utils/DGBankrollManager/add-bankroll.s.sol
DA:9,0
DA:10,0
DA:12,0
DA:14,0
DA:15,0
DA:16,0
DA:17,0
DA:18,0
DA:19,0
DA:20,0
DA:22,0
DA:24,0
DA:26,0
DA:28,0
DA:30,0
end_of_record

SF:/Users/aboutika/Documents/Echidna/BankrollKickOff/bankroll-contracts/script/utils/DGBankrollManager/add-operator.s.sol
DA:9,0
DA:10,0
DA:12,0
DA:14,0
DA:15,0
DA:16,0
DA:17,0
DA:18,0
DA:19,0
DA:20,0
DA:22,0
DA:24,0
DA:26,0
DA:28,0
DA:30,0
DA:32,0
end_of_record

SF:/Users/aboutika/Documents/Echidna/BankrollKickOff/bankroll-contracts/script/utils/DGBankrollManager/block-bankroll.s.sol
DA:9,0
DA:10,0
DA:12,0
DA:14,0
DA:15,0
DA:16,0
DA:17,0
DA:18,0
DA:19,0
DA:20,0
DA:22,0
DA:24,0
DA:25,0
DA:27,0
DA:29,0
end_of_record

SF:/Users/aboutika/Documents/Echidna/BankrollKickOff/bankroll-contracts/script/utils/DGBankrollManager/block-operator.s.sol
DA:9,0
DA:10,0
DA:12,0
DA:14,0
DA:15,0
DA:16,0
DA:17,0
DA:18,0
DA:19,0
DA:20,0
DA:22,0
DA:24,0
DA:26,0
DA:28,0
DA:30,0
DA:32,0
end_of_record

SF:/Users/aboutika/Documents/Echidna/BankrollKickOff/bankroll-contracts/script/utils/DGBankrollManager/claim-profit.s.sol
DA:10,0
DA:11,0
DA:13,0
DA:15,0
DA:16,0
DA:17,0
DA:18,0
DA:19,0
DA:20,0
DA:21,0
DA:23,0
DA:25,0
DA:27,0
DA:28,0
DA:30,0
DA:32,0
DA:34,0
end_of_record

SF:/Users/aboutika/Documents/Echidna/BankrollKickOff/bankroll-contracts/script/utils/DGEscrow/release-funds.s.sol
DA:11,0
DA:12,0
DA:14,0
DA:16,0
DA:17,0
DA:18,0
DA:19,0
DA:20,0
DA:21,0
DA:22,0
DA:23,0
DA:25,0
DA:27,0
DA:28,0
DA:33,0
DA:34,0
DA:35,0
DA:36,0
DA:37,0
DA:38,0
DA:41,0
DA:43,0
DA:45,0
end_of_record

SF:/Users/aboutika/Documents/Echidna/BankrollKickOff/bankroll-contracts/script/utils/DGEscrow/revert-funds.s.sol
DA:10,0
DA:11,0
DA:13,0
DA:15,0
DA:16,0
DA:17,0
DA:18,0
DA:19,0
DA:20,0
DA:21,0
DA:22,0
DA:24,0
DA:26,0
DA:27,0
DA:29,0
DA:30,0
DA:31,0
DA:32,0
DA:33,0
DA:34,0
DA:37,0
DA:40,0
DA:42,0
end_of_record

SF:/Users/aboutika/Documents/Echidna/BankrollKickOff/bankroll-contracts/script/utils/MockToken/mint-token.s.sol
DA:8,0
DA:9,0
DA:11,0
DA:15,0
DA:17,0
DA:18,0
DA:19,0
DA:20,0
DA:21,0
DA:22,0
DA:23,0
DA:25,0
DA:27,0
DA:29,0
DA:31,0
DA:33,0
end_of_record

SF:/Users/aboutika/Documents/Echidna/BankrollKickOff/bankroll-contracts/script/utils/create-Bankroll.s.sol
DA:24,0
DA:29,0
DA:30,0
DA:32,0
DA:34,0
DA:35,0
DA:36,0
DA:37,0
DA:39,0
DA:40,0
DA:41,0
DA:43,0
DA:45,0
DA:48,0
DA:49,0
DA:50,0
DA:51,0
DA:53,0
DA:54,0
DA:55,0
DA:56,0
DA:57,0
DA:58,0
DA:59,0
DA:61,0
DA:62,0
DA:64,0
DA:65,0
DA:67,0
DA:69,0
DA:70,0
DA:71,0
DA:74,0
DA:75,0
DA:76,0
DA:77,0
DA:78,0
DA:79,0
DA:80,0
DA:81,0
DA:82,0
DA:83,0
DA:84,0
end_of_record

SF:/Users/aboutika/Documents/Echidna/BankrollKickOff/bankroll-contracts/src/Bankroll.sol
DA:28,112
DA:33,6
DA:36,6
DA:39,0
DA:42,0
DA:45,0
DA:48,0
DA:51,0
DA:54,0
DA:57,0
DA:60,0
DA:63,0
DA:66,4
DA:72,0
DA:75,21
DA:78,0
DA:81,0
DA:90,0
DA:102,0
DA:103,0
DA:117,0
DA:127,0
DA:130,0
DA:133,0
DA:136,0
DA:138,0
DA:141,0
DA:144,0
DA:147,0
DA:150,0
DA:153,0
DA:156,0
DA:159,0
DA:162,0
DA:165,0
DA:168,0
DA:171,0
DA:174,0
DA:190,10
DA:192,0
DA:193,0
DA:194,0
DA:195,0
DA:198,0
DA:202,0
DA:205,0
DA:208,0
DA:211,0
DA:214,0
DA:217,0
DA:218,0
DA:219,0
DA:221,0
DA:225,0
DA:228,0
DA:237,0
DA:239,0
DA:242,0
DA:245,0
DA:246,0
DA:247,0
DA:248,0
DA:251,0
DA:254,0
DA:255,0
DA:257,0
DA:261,0
DA:264,0
DA:271,0
DA:273,0
DA:276,0
DA:279,0
DA:280,0
DA:281,0
DA:282,0
DA:285,0
DA:288,0
DA:300,2
DA:302,0
DA:305,0
DA:308,0
DA:311,0
DA:312,0
DA:313,0
DA:315,0
DA:319,0
DA:322,0
DA:325,0
DA:328,0
DA:329,0
DA:332,0
DA:335,0
DA:338,0
DA:341,0
DA:344,0
DA:347,0
DA:350,0
DA:354,0
DA:357,0
DA:368,0
DA:370,0
DA:373,0
DA:376,0
DA:379,0
DA:382,0
DA:385,0
DA:388,0
DA:391,0
DA:394,0
DA:404,0
DA:405,0
DA:415,0
DA:416,0
DA:426,0
DA:428,0
DA:431,0
DA:434,0
DA:437,0
DA:447,0
DA:448,0
DA:459,0
DA:461,0
DA:462,0
DA:463,0
DA:464,0
DA:467,0
DA:477,0
DA:479,0
DA:489,0
DA:491,0
DA:501,0
DA:503,0
DA:506,0
DA:516,0
DA:518,0
DA:521,0
DA:531,0
DA:533,0
DA:536,0
DA:544,0
DA:545,0
DA:546,0
DA:550,0
DA:551,0
DA:569,0
DA:570,0
DA:571,0
DA:572,0
DA:573,0
DA:585,0
DA:586,0
DA:587,0
DA:601,0
DA:602,0
DA:603,0
DA:605,0
DA:615,0
DA:616,0
DA:625,0
DA:626,0
DA:642,0
DA:644,0
DA:647,0
DA:657,0
DA:659,0
DA:662,0
DA:671,0
DA:673,0
DA:676,0
DA:679,0
DA:682,0
DA:685,0
DA:688,0
DA:691,0
DA:707,0
DA:710,0
end_of_record

SF:/Users/aboutika/Documents/Echidna/BankrollKickOff/bankroll-contracts/src/DGBankrollFactory.sol
DA:20,0
DA:28,0
DA:31,0
DA:34,0
DA:37,0
DA:40,0
DA:43,0
DA:46,0
DA:62,0
DA:63,0
DA:76,0
DA:84,0
DA:85,0
DA:86,0
DA:87,0
DA:88,0
DA:91,0
DA:92,0
DA:105,0
DA:110,0
DA:113,0
DA:116,0
DA:119,0
DA:120,0
DA:124,0
DA:127,0
DA:138,0
DA:140,0
DA:143,0
DA:154,0
DA:156,0
DA:159,0
DA:170,0
DA:172,0
DA:175,0
DA:186,0
DA:187,0
DA:198,0
DA:199,0
DA:217,0
DA:218,0
DA:240,0
end_of_record

SF:/Users/aboutika/Documents/Echidna/BankrollKickOff/bankroll-contracts/src/DGBankrollManager.sol
DA:29,0
DA:34,0
DA:37,0
DA:40,0
DA:43,0
DA:46,0
DA:49,0
DA:52,0
DA:55,0
DA:58,0
DA:61,0
DA:74,0
DA:76,0
DA:79,0
DA:82,0
DA:100,0
DA:102,0
DA:105,0
DA:108,0
DA:111,0
DA:114,0
DA:125,0
DA:127,0
DA:130,0
DA:141,0
DA:143,0
DA:146,0
DA:149,0
DA:161,0
DA:163,0
DA:166,0
DA:177,0
DA:178,0
DA:190,0
DA:192,0
DA:195,0
DA:198,0
DA:201,0
DA:204,0
DA:207,0
DA:219,0
DA:221,0
DA:224,0
DA:227,0
DA:230,0
DA:233,0
DA:234,0
DA:235,0
DA:236,0
DA:241,0
DA:243,0
DA:247,0
DA:250,0
DA:260,0
DA:262,0
DA:265,0
DA:275,0
DA:277,0
DA:292,0
DA:294,0
DA:297,0
DA:300,0
DA:303,0
DA:306,0
DA:309,0
DA:312,0
DA:321,0
DA:322,0
DA:324,0
DA:325,0
DA:328,0
DA:331,0
DA:336,0
DA:339,0
DA:342,0
DA:345,0
DA:347,0
DA:369,0
DA:372,0
end_of_record

SF:/Users/aboutika/Documents/Echidna/BankrollKickOff/bankroll-contracts/src/DGEscrow.sol
DA:27,0
DA:35,0
DA:38,0
DA:41,0
DA:54,0
DA:56,0
DA:59,0
DA:62,0
DA:65,0
DA:68,0
DA:87,0
DA:89,0
DA:93,0
DA:96,0
DA:102,0
DA:105,0
DA:108,0
DA:111,0
DA:114,0
DA:117,0
DA:127,0
DA:129,0
DA:132,0
DA:135,0
DA:138,0
DA:141,0
DA:144,0
DA:147,0
DA:150,0
DA:153,0
DA:163,0
DA:165,0
DA:168,0
DA:171,0
DA:174,0
DA:177,0
DA:179,0
DA:182,0
DA:185,0
DA:188,0
DA:191,0
DA:203,0
DA:205,0
DA:208,0
DA:211,0
DA:214,0
DA:217,0
DA:220,0
DA:223,0
DA:226,0
DA:229,0
DA:232,0
DA:235,0
DA:245,0
DA:247,0
DA:250,0
DA:260,0
DA:261,0
DA:279,0
DA:280,0
DA:296,0
end_of_record

SF:/Users/aboutika/Documents/Echidna/BankrollKickOff/bankroll-contracts/src/echidna/BeforeAfter.sol
DA:19,2
DA:21,61
DA:22,61
DA:24,67
DA:25,67
DA:28,2
DA:30,61
DA:31,61
DA:33,67
DA:34,67
end_of_record

SF:/Users/aboutika/Documents/Echidna/BankrollKickOff/bankroll-contracts/src/echidna/Properties.sol
end_of_record

SF:/Users/aboutika/Documents/Echidna/BankrollKickOff/bankroll-contracts/src/echidna/Setup.sol
DA:45,0
DA:46,0
DA:48,0
DA:49,0
DA:50,0
DA:51,0
DA:53,0
DA:55,0
DA:57,0
DA:59,0
DA:61,0
DA:63,0
DA:64,0
DA:65,0
DA:66,0
DA:68,0
DA:69,0
DA:70,0
DA:71,0
DA:72,0
DA:73,0
DA:74,0
DA:78,0
DA:80,0
DA:82,0
DA:84,0
DA:86,0
DA:89,4
DA:90,45
end_of_record

SF:/Users/aboutika/Documents/Echidna/BankrollKickOff/bankroll-contracts/src/echidna/TargetFunctions.sol
DA:10,15
DA:11,6
DA:12,5
DA:14,36
DA:15,48
DA:16,4
DA:20,4
end_of_record

SF:/Users/aboutika/Documents/Echidna/BankrollKickOff/bankroll-contracts/src/echidna/Tester.sol
DA:7,33
DA:8,0
DA:9,0
end_of_record

SF:/Users/aboutika/Documents/Echidna/BankrollKickOff/bankroll-contracts/src/interfaces/IBankroll.sol
end_of_record

SF:/Users/aboutika/Documents/Echidna/BankrollKickOff/bankroll-contracts/src/interfaces/IDGBankrollManager.sol
end_of_record

SF:/Users/aboutika/Documents/Echidna/BankrollKickOff/bankroll-contracts/src/interfaces/IDGEscrow.sol
end_of_record

SF:/Users/aboutika/Documents/Echidna/BankrollKickOff/bankroll-contracts/src/libraries/DGDataTypes.sol
DA:9,0
end_of_record

SF:/Users/aboutika/Documents/Echidna/BankrollKickOff/bankroll-contracts/src/libraries/DGErrors.sol
DA:9,0
end_of_record

SF:/Users/aboutika/Documents/Echidna/BankrollKickOff/bankroll-contracts/src/libraries/DGEvents.sol
DA:9,0
end_of_record

SF:/Users/aboutika/Documents/Echidna/BankrollKickOff/bankroll-contracts/test/contracts/Bankroll.t.sol
DA:24,0
DA:33,0
DA:35,0
DA:37,0
DA:38,0
DA:39,0
DA:40,0
DA:41,0
DA:43,0
DA:44,0
DA:45,0
DA:46,0
DA:47,0
DA:48,0
DA:49,0
DA:50,0
DA:51,0
DA:53,0
DA:55,0
DA:56,0
DA:58,0
DA:60,0
DA:62,0
DA:63,0
DA:64,0
DA:65,0
DA:66,0
DA:67,0
DA:68,0
DA:69,0
DA:70,0
DA:71,0
DA:72,0
DA:73,0
DA:77,0
DA:79,0
DA:80,0
DA:81,0
DA:83,0
DA:84,0
DA:85,0
DA:88,0
DA:100,0
DA:101,0
DA:102,0
DA:103,0
DA:104,0
DA:105,0
DA:106,0
DA:107,0
DA:108,0
DA:109,0
DA:110,0
DA:111,0
DA:112,0
DA:113,0
DA:114,0
DA:115,0
DA:118,0
DA:119,0
DA:121,0
DA:122,0
DA:124,0
DA:125,0
DA:127,0
DA:128,0
DA:130,0
DA:131,0
DA:133,0
DA:134,0
DA:136,0
DA:139,0
DA:140,0
DA:143,0
DA:144,0
DA:145,0
DA:146,0
DA:147,0
DA:149,0
DA:150,0
DA:153,0
DA:154,0
DA:155,0
DA:156,0
DA:157,0
DA:159,0
DA:160,0
DA:163,0
DA:164,0
DA:165,0
DA:168,0
DA:169,0
DA:170,0
DA:171,0
DA:172,0
DA:174,0
DA:175,0
DA:177,0
DA:178,0
DA:180,0
DA:182,0
DA:185,0
DA:186,0
DA:187,0
DA:188,0
DA:190,0
DA:192,0
DA:200,0
DA:201,0
DA:202,0
DA:204,0
DA:206,0
DA:207,0
DA:209,0
DA:211,0
DA:213,0
DA:214,0
DA:217,0
DA:218,0
DA:219,0
DA:220,0
DA:222,0
DA:224,0
DA:231,0
DA:232,0
DA:233,0
DA:234,0
DA:235,0
DA:237,0
DA:238,0
DA:239,0
DA:241,0
DA:243,0
DA:245,0
DA:250,0
DA:251,0
DA:252,0
DA:254,0
DA:255,0
DA:256,0
DA:258,0
DA:259,0
DA:261,0
DA:262,0
DA:264,0
DA:265,0
DA:267,0
DA:268,0
DA:270,0
DA:273,0
DA:274,0
DA:275,0
DA:276,0
DA:278,0
DA:279,0
DA:281,0
DA:282,0
DA:284,0
DA:285,0
DA:287,0
DA:288,0
DA:290,0
DA:293,0
DA:294,0
DA:295,0
DA:296,0
DA:297,0
DA:300,0
DA:301,0
DA:304,0
DA:305,0
DA:308,0
DA:309,0
DA:310,0
DA:311,0
DA:314,0
DA:315,0
DA:318,0
DA:321,0
DA:324,0
DA:327,0
DA:328,0
DA:329,0
DA:330,0
DA:331,0
DA:333,0
DA:335,0
DA:336,0
DA:338,0
DA:339,0
DA:340,0
DA:342,0
DA:343,0
DA:346,0
DA:347,0
DA:348,0
DA:349,0
DA:350,0
DA:353,0
DA:354,0
DA:355,0
DA:356,0
DA:357,0
DA:358,0
DA:360,0
DA:361,0
DA:362,0
DA:363,0
DA:366,0
DA:367,0
DA:371,0
DA:372,0
DA:373,0
DA:375,0
DA:377,0
DA:378,0
DA:380,0
DA:384,0
DA:385,0
DA:387,0
DA:388,0
DA:390,0
DA:391,0
DA:393,0
DA:396,0
DA:397,0
DA:399,0
DA:400,0
DA:402,0
DA:405,0
DA:406,0
DA:407,0
DA:408,0
DA:409,0
DA:410,0
DA:412,0
DA:413,0
DA:414,0
DA:415,0
DA:417,0
DA:418,0
DA:420,0
DA:422,0
DA:423,0
DA:424,0
DA:425,0
DA:427,0
DA:428,0
DA:431,0
DA:432,0
DA:433,0
DA:434,0
DA:435,0
DA:436,0
DA:438,0
DA:440,0
DA:441,0
DA:443,0
DA:445,0
DA:447,0
DA:448,0
DA:450,0
DA:451,0
DA:454,0
DA:455,0
DA:456,0
DA:457,0
DA:459,0
DA:461,0
DA:463,0
DA:464,0
DA:465,0
DA:466,0
DA:468,0
DA:469,0
DA:470,0
DA:471,0
DA:472,0
DA:474,0
DA:475,0
DA:477,0
DA:478,0
DA:479,0
DA:485,0
DA:486,0
DA:489,0
DA:491,0
DA:494,0
DA:497,0
DA:500,0
DA:503,0
DA:506,0
DA:509,0
DA:512,0
DA:515,0
DA:518,0
DA:521,0
DA:524,0
DA:527,0
DA:530,0
DA:533,0
DA:540,0
DA:543,0
end_of_record

SF:/Users/aboutika/Documents/Echidna/BankrollKickOff/bankroll-contracts/test/contracts/DGBankrollFactory.t.sol
DA:24,0
DA:34,0
DA:35,0
DA:37,0
DA:38,0
DA:39,0
DA:40,0
DA:41,0
DA:43,0
DA:46,0
DA:47,0
DA:48,0
DA:49,0
DA:50,0
DA:51,0
DA:53,0
DA:54,0
DA:56,0
DA:58,0
DA:60,0
DA:62,0
DA:64,0
DA:66,0
DA:68,0
DA:69,0
DA:70,0
DA:71,0
DA:72,0
DA:73,0
DA:74,0
DA:75,0
DA:76,0
DA:77,0
DA:81,0
DA:83,0
DA:86,0
DA:87,0
DA:88,0
DA:89,0
DA:91,0
DA:92,0
DA:93,0
DA:94,0
DA:95,0
DA:96,0
DA:99,0
DA:100,0
DA:101,0
DA:102,0
DA:103,0
DA:104,0
DA:107,0
DA:108,0
DA:109,0
DA:110,0
DA:111,0
DA:114,0
DA:115,0
DA:116,0
DA:119,0
DA:120,0
DA:125,0
DA:126,0
DA:127,0
DA:128,0
DA:130,0
DA:132,0
DA:133,0
DA:134,0
DA:136,0
DA:138,0
DA:140,0
DA:141,0
DA:143,0
DA:146,0
DA:147,0
DA:148,0
DA:151,0
DA:152,0
DA:153,0
DA:155,0
DA:156,0
DA:157,0
DA:160,0
DA:161,0
DA:162,0
DA:163,0
DA:165,0
DA:167,0
DA:168,0
DA:169,0
DA:170,0
DA:172,0
DA:174,0
DA:175,0
DA:177,0
DA:180,0
DA:181,0
DA:182,0
DA:183,0
DA:185,0
DA:187,0
DA:188,0
DA:189,0
DA:190,0
DA:192,0
DA:194,0
DA:195,0
DA:197,0
DA:200,0
DA:201,0
DA:202,0
DA:204,0
DA:205,0
DA:207,0
DA:210,0
DA:211,0
DA:212,0
DA:214,0
DA:216,0
DA:217,0
DA:219,0
DA:222,0
DA:223,0
DA:224,0
DA:226,0
DA:227,0
DA:229,0
DA:232,0
DA:233,0
DA:234,0
DA:235,0
DA:236,0
DA:238,0
DA:256,0
DA:259,0
end_of_record

SF:/Users/aboutika/Documents/Echidna/BankrollKickOff/bankroll-contracts/test/contracts/DGBankrollManager.t.sol
DA:22,0
DA:23,0
DA:24,0
DA:25,0
DA:26,0
DA:27,0
DA:28,0
DA:30,0
DA:39,0
DA:40,0
DA:42,0
DA:43,0
DA:44,0
DA:45,0
DA:47,0
DA:48,0
DA:49,0
DA:50,0
DA:51,0
DA:52,0
DA:56,0
DA:57,0
DA:58,0
DA:59,0
DA:60,0
DA:61,0
DA:62,0
DA:66,0
DA:68,0
DA:70,0
DA:72,0
DA:74,0
DA:76,0
DA:77,0
DA:78,0
DA:79,0
DA:81,0
DA:82,0
DA:83,0
DA:84,0
DA:85,0
DA:86,0
DA:87,0
DA:91,0
DA:93,0
DA:95,0
DA:97,0
DA:98,0
DA:100,0
DA:102,0
DA:104,0
DA:106,0
DA:108,0
DA:111,0
DA:112,0
DA:113,0
DA:115,0
DA:117,0
DA:118,0
DA:121,0
DA:122,0
DA:123,0
DA:126,0
DA:127,0
DA:128,0
DA:130,0
DA:131,0
DA:132,0
DA:134,0
DA:135,0
DA:137,0
DA:139,0
DA:140,0
DA:142,0
DA:144,0
DA:145,0
DA:148,0
DA:149,0
DA:151,0
DA:154,0
DA:155,0
DA:156,0
DA:157,0
DA:158,0
DA:159,0
DA:160,0
DA:162,0
DA:164,0
DA:165,0
DA:167,0
DA:168,0
DA:169,0
DA:170,0
DA:172,0
DA:174,0
DA:176,0
DA:177,0
DA:178,0
DA:180,0
DA:181,0
DA:183,0
DA:184,0
DA:185,0
DA:187,0
DA:188,0
DA:189,0
DA:190,0
DA:191,0
DA:192,0
DA:194,0
DA:195,0
DA:196,0
DA:197,0
DA:199,0
DA:201,0
DA:202,0
DA:203,0
DA:206,0
DA:207,0
DA:208,0
DA:209,0
DA:210,0
DA:211,0
DA:213,0
DA:214,0
DA:215,0
DA:217,0
DA:218,0
DA:220,0
DA:221,0
DA:223,0
DA:225,0
DA:228,0
DA:229,0
DA:230,0
DA:232,0
DA:233,0
DA:236,0
DA:237,0
DA:238,0
DA:240,0
DA:242,0
DA:246,0
DA:247,0
DA:249,0
DA:250,0
DA:253,0
DA:254,0
DA:255,0
DA:257,0
DA:259,0
DA:261,0
DA:262,0
DA:264,0
DA:266,0
DA:267,0
DA:269,0
DA:270,0
DA:272,0
DA:274,0
DA:276,0
DA:279,0
DA:280,0
DA:282,0
DA:283,0
DA:284,0
DA:286,0
DA:287,0
DA:289,0
DA:291,0
DA:294,0
DA:296,0
DA:298,0
DA:299,0
DA:301,0
DA:302,0
DA:304,0
DA:306,0
DA:309,0
DA:310,0
DA:311,0
DA:313,0
DA:315,0
DA:316,0
DA:317,0
DA:319,0
DA:320,0
DA:321,0
DA:322,0
DA:325,0
DA:326,0
DA:327,0
DA:328,0
DA:329,0
DA:330,0
DA:333,0
DA:334,0
DA:336,0
DA:338,0
DA:339,0
DA:341,0
DA:343,0
DA:346,0
DA:347,0
DA:349,0
DA:350,0
DA:352,0
DA:354,0
DA:370,0
DA:373,0
end_of_record

SF:/Users/aboutika/Documents/Echidna/BankrollKickOff/bankroll-contracts/test/contracts/DGEscrow.t.sol
DA:23,0
DA:32,0
DA:34,0
DA:36,0
DA:37,0
DA:38,0
DA:39,0
DA:40,0
DA:42,0
DA:43,0
DA:44,0
DA:45,0
DA:46,0
DA:47,0
DA:48,0
DA:49,0
DA:50,0
DA:52,0
DA:54,0
DA:55,0
DA:57,0
DA:59,0
DA:61,0
DA:62,0
DA:63,0
DA:64,0
DA:65,0
DA:66,0
DA:67,0
DA:68,0
DA:69,0
DA:70,0
DA:71,0
DA:72,0
DA:76,0
DA:78,0
DA:79,0
DA:80,0
DA:82,0
DA:83,0
DA:84,0
DA:86,0
DA:87,0
DA:88,0
DA:89,0
DA:91,0
DA:93,0
DA:95,0
DA:96,0
DA:99,0
DA:100,0
DA:101,0
DA:103,0
DA:105,0
DA:107,0
DA:110,0
DA:111,0
DA:112,0
DA:114,0
DA:116,0
DA:118,0
DA:120,0
DA:121,0
DA:122,0
DA:123,0
DA:124,0
DA:125,0
DA:128,0
DA:130,0
DA:132,0
DA:135,0
DA:136,0
DA:137,0
DA:139,0
DA:141,0
DA:143,0
DA:145,0
DA:146,0
DA:147,0
DA:148,0
DA:149,0
DA:150,0
DA:153,0
DA:155,0
DA:156,0
DA:157,0
DA:160,0
DA:161,0
DA:162,0
DA:164,0
DA:165,0
DA:167,0
DA:169,0
DA:171,0
DA:172,0
DA:173,0
DA:174,0
DA:175,0
DA:176,0
DA:179,0
DA:181,0
DA:183,0
DA:185,0
DA:187,0
DA:190,0
DA:191,0
DA:193,0
DA:195,0
DA:197,0
DA:198,0
DA:200,0
DA:202,0
DA:209,0
DA:212,0
end_of_record

SF:/Users/aboutika/Documents/Echidna/BankrollKickOff/bankroll-contracts/test/mock/MockToken.sol
DA:7,55
DA:8,0
DA:10,19
DA:11,6
end_of_record

