TN:
SF:script/deploy-Platform.s.sol
FN:48,DeployPlatform.run
FNDA:1,DeployPlatform.run
DA:50,1
DA:52,1
DA:53,1
DA:54,1
DA:55,1
DA:57,1
DA:59,1
DA:61,1
DA:64,1
DA:76,1
DA:78,1
DA:80,1
FNF:1
FNH:1
LF:12
LH:12
BRF:0
BRH:0
end_of_record
TN:
SF:script/utils/Bankroll/credit.s.sol
FN:24,Credit.run
FNDA:0,Credit.run
DA:26,0
DA:28,0
FNF:1
FNH:0
LF:2
LH:0
BRF:0
BRH:0
end_of_record
TN:
SF:script/utils/Bankroll/debit.s.sol
FN:24,Debit.run
FNDA:0,Debit.run
DA:26,0
DA:29,0
FNF:1
FNH:0
LF:2
LH:0
BRF:0
BRH:0
end_of_record
TN:
SF:script/utils/Bankroll/deposit-funds.s.sol
FN:24,DepositFunds.run
FNDA:0,DepositFunds.run
DA:26,0
DA:28,0
DA:30,0
FNF:1
FNH:0
LF:3
LH:0
BRF:0
BRH:0
end_of_record
TN:
SF:script/utils/Bankroll/withdraw-funds.s.sol
FN:24,WithdrawFunds.run
FNDA:0,WithdrawFunds.run
DA:26,0
DA:28,0
FNF:1
FNH:0
LF:2
LH:0
BRF:0
BRH:0
end_of_record
TN:
SF:script/utils/DGBankrollFactory/create-bankroll.s.sol
FN:34,CreateBankroll.run
FNDA:0,CreateBankroll.run
DA:41,0
DA:43,0
DA:49,0
DA:51,0
DA:53,0
DA:54,0
DA:56,0
DA:57,0
FNF:1
FNH:0
LF:8
LH:0
BRF:0
BRH:0
end_of_record
TN:
SF:script/utils/DGBankrollManager/add-bankroll.s.sol
FN:20,AddBankroll.run
FNDA:0,AddBankroll.run
DA:22,0
DA:24,0
FNF:1
FNH:0
LF:2
LH:0
BRF:0
BRH:0
end_of_record
TN:
SF:script/utils/DGBankrollManager/add-operator.s.sol
FN:24,AddOperator.run
FNDA:0,AddOperator.run
DA:26,0
DA:28,0
FNF:1
FNH:0
LF:2
LH:0
BRF:0
BRH:0
end_of_record
TN:
SF:script/utils/DGBankrollManager/block-bankroll.s.sol
FN:20,BlockBankroll.run
FNDA:0,BlockBankroll.run
DA:22,0
DA:24,0
FNF:1
FNH:0
LF:2
LH:0
BRF:0
BRH:0
end_of_record
TN:
SF:script/utils/DGBankrollManager/block-operator.s.sol
FN:24,BlockOperator.run
FNDA:0,BlockOperator.run
DA:26,0
DA:28,0
FNF:1
FNH:0
LF:2
LH:0
BRF:0
BRH:0
end_of_record
TN:
SF:script/utils/DGBankrollManager/claim-profit.s.sol
FN:22,ClaimProfit.run
FNDA:0,ClaimProfit.run
DA:24,0
DA:26,0
FNF:1
FNH:0
LF:2
LH:0
BRF:0
BRH:0
end_of_record
TN:
SF:script/utils/MockToken/mint-token.s.sol
FN:17,MintTokens.run
FNDA:0,MintTokens.run
DA:19,0
DA:21,0
DA:23,0
FNF:1
FNH:0
LF:3
LH:0
BRF:0
BRH:0
end_of_record
TN:
SF:src/Bankroll.sol
FN:106,Bankroll.initialize
FNDA:289,Bankroll.initialize
DA:114,289
BRDA:114,0,0,-
BRDA:114,0,1,289
DA:117,289
BRDA:117,1,0,-
BRDA:117,1,1,289
DA:120,289
BRDA:120,2,0,-
BRDA:120,2,1,289
DA:122,289
DA:125,289
DA:128,289
DA:131,289
DA:134,289
DA:137,289
DA:140,289
FN:156,Bankroll.depositFunds
FNDA:3593,Bankroll.depositFunds
DA:159,3593
DA:160,2
BRDA:158,3,0,1
BRDA:158,3,1,3592
DA:161,1
DA:165,3592
DA:166,512
BRDA:164,4,0,256
BRDA:164,4,1,3336
DA:167,256
DA:170,3336
DA:171,3336
BRDA:171,5,0,1286
BRDA:171,5,1,2050
DA:172,1286
DA:174,2050
DA:178,3336
DA:181,3336
DA:184,3336
DA:187,3336
DA:190,3336
FN:198,Bankroll.withdrawAll
FNDA:1,Bankroll.withdrawAll
DA:200,1
DA:203,1
DA:206,1
FN:217,Bankroll.withdraw
FNDA:512,Bankroll.withdraw
DA:219,512
BRDA:219,6,0,256
BRDA:219,6,1,256
DA:222,256
DA:225,256
DA:228,256
DA:231,256
DA:234,256
FN:246,Bankroll.debit
FNDA:771,Bankroll.debit
DA:248,771
BRDA:248,7,0,256
BRDA:248,7,1,515
DA:251,515
BRDA:251,8,0,1
BRDA:251,8,1,514
DA:254,514
DA:255,514
BRDA:255,9,0,257
BRDA:255,9,1,514
DA:256,257
DA:258,257
DA:262,514
DA:265,514
DA:268,514
DA:271,514
DA:274,514
FN:285,Bankroll.credit
FNDA:5380,Bankroll.credit
DA:287,5124
BRDA:287,10,0,768
BRDA:287,10,1,4356
DA:290,4356
BRDA:290,11,0,1
BRDA:290,11,1,4355
DA:293,4355
DA:296,4355
DA:299,4355
DA:302,4355
DA:305,4355
FN:316,Bankroll.setInvestorWhitelist
FNDA:3,Bankroll.setInvestorWhitelist
DA:319,3
DA:320,3
BRDA:318,12,0,1
BRDA:318,12,1,2
DA:321,1
DA:324,2
FN:334,Bankroll.setPublic
FNDA:2,Bankroll.setPublic
DA:336,2
FN:346,Bankroll.setMinimumLPStatus
FNDA:256,Bankroll.setMinimumLPStatus
DA:348,256
FN:358,Bankroll.setMinimumLp
FNDA:256,Bankroll.setMinimumLp
DA:360,256
DA:363,256
FN:373,Bankroll.changeMaxRisk
FNDA:512,Bankroll.changeMaxRisk
DA:375,512
BRDA:375,13,0,256
BRDA:375,13,1,256
DA:378,256
FN:388,Bankroll.nullGgrOf
FNDA:2049,Bankroll.nullGgrOf
DA:390,2049
DA:393,2049
FN:404,Bankroll.updateAdmin
FNDA:768,Bankroll.updateAdmin
DA:406,768
BRDA:406,14,0,256
BRDA:406,14,1,512
DA:409,512
BRDA:409,15,0,256
BRDA:409,15,1,256
DA:412,256
DA:415,256
FN:426,Bankroll.updateBankrollManager
FNDA:768,Bankroll.updateBankrollManager
DA:428,768
BRDA:428,16,0,256
BRDA:428,16,1,512
DA:431,512
BRDA:431,17,0,256
BRDA:431,17,1,256
DA:434,256
DA:437,256
DA:440,256
FN:448,Bankroll.maxBankrollManagerApprove
FNDA:1025,Bankroll.maxBankrollManagerApprove
DA:449,1025
FN:467,Bankroll.viewTokenAddress
FNDA:771,Bankroll.viewTokenAddress
DA:468,771
FN:478,Bankroll.liquidity
FNDA:1290,Bankroll.liquidity
DA:479,3857
BRDA:479,18,0,-
BRDA:479,18,1,3344
DA:480,3344
DA:481,513
BRDA:481,19,0,-
BRDA:481,19,1,513
DA:482,513
FN:494,Bankroll.getLpValue
FNDA:514,Bankroll.getLpValue
DA:495,514
BRDA:495,20,0,258
BRDA:495,20,1,256
DA:496,258
DA:498,256
FN:510,Bankroll.getLpProfit
FNDA:258,Bankroll.getLpProfit
DA:511,258
BRDA:511,21,0,2
BRDA:511,21,1,256
DA:512,2
DA:516,256
FN:528,Bankroll.getLpStake
FNDA:1536,Bankroll.getLpStake
DA:529,1536
BRDA:529,22,0,1280
BRDA:529,22,1,256
DA:530,1280
DA:532,256
FN:542,Bankroll.getMaxRisk
FNDA:0,Bankroll.getMaxRisk
DA:543,514
DA:544,514
FN:560,Bankroll._mint
FNDA:3336,Bankroll._mint
DA:562,3336
DA:565,3336
FN:575,Bankroll._burn
FNDA:257,Bankroll._burn
DA:577,257
DA:580,257
FN:589,Bankroll._withdraw
FNDA:257,Bankroll._withdraw
DA:591,257
DA:594,257
DA:597,257
DA:600,257
FN:612,Bankroll._isContract
FNDA:1891,Bankroll._isContract
DA:613,1891
DA:616,1891
DA:619,1891
FNF:25
FNH:24
LF:101
LH:101
BRF:46
BRH:41
end_of_record
TN:
SF:src/DGBankrollFactory.sol
FN:73,DGBankrollFactory.initialize
FNDA:10,DGBankrollFactory.initialize
DA:80,10
DA:81,10
DA:82,10
DA:83,10
DA:86,10
DA:87,10
FN:101,DGBankrollFactory.deployBankroll
FNDA:768,DGBankrollFactory.deployBankroll
DA:107,768
BRDA:107,0,0,256
BRDA:107,0,1,512
DA:110,512
BRDA:110,1,0,256
BRDA:110,1,1,256
DA:113,256
DA:116,256
DA:125,256
DA:128,256
FN:139,DGBankrollFactory.setBankrollImplementation
FNDA:768,DGBankrollFactory.setBankrollImplementation
DA:141,512
BRDA:141,2,0,256
BRDA:141,2,1,256
DA:144,256
FN:155,DGBankrollFactory.setDgBankrollManager
FNDA:768,DGBankrollFactory.setDgBankrollManager
DA:157,512
BRDA:157,3,0,256
BRDA:157,3,1,256
DA:160,256
FN:171,DGBankrollFactory.setDgAdmin
FNDA:512,DGBankrollFactory.setDgAdmin
DA:172,256
FN:183,DGBankrollFactory.setDeGaming
FNDA:256,DGBankrollFactory.setDeGaming
DA:184,256
FN:202,DGBankrollFactory.predictBankrollAddress
FNDA:256,DGBankrollFactory.predictBankrollAddress
DA:203,256
FN:221,DGBankrollFactory._isContract
FNDA:1792,DGBankrollFactory._isContract
DA:222,1792
DA:225,1792
DA:228,1792
FNF:8
FNH:8
LF:22
LH:22
BRF:8
BRH:8
end_of_record
TN:
SF:src/DGBankrollManager.sol
FN:97,DGBankrollManager.updateAdmin
FNDA:512,DGBankrollManager.updateAdmin
DA:99,512
BRDA:99,0,0,256
BRDA:99,0,1,256
DA:102,256
DA:105,256
FN:115,DGBankrollManager.setFactory
FNDA:29,DGBankrollManager.setFactory
DA:117,29
BRDA:117,1,0,14
BRDA:117,1,1,15
DA:120,15
FN:131,DGBankrollManager.approveBankroll
FNDA:559,DGBankrollManager.approveBankroll
DA:133,559
BRDA:133,2,0,256
BRDA:133,2,1,303
DA:136,303
BRDA:136,3,0,14
BRDA:136,3,1,289
DA:139,289
DA:142,289
DA:145,289
FN:156,DGBankrollManager.blockBankroll
FNDA:1,DGBankrollManager.blockBankroll
DA:158,1
DA:161,1
FN:172,DGBankrollManager.updateLpFee
FNDA:1024,DGBankrollManager.updateLpFee
DA:174,768
BRDA:174,4,0,256
BRDA:174,4,1,512
DA:177,512
BRDA:177,5,0,256
BRDA:177,5,1,256
DA:180,256
FN:192,DGBankrollManager.updateEventPeriod
FNDA:512,DGBankrollManager.updateEventPeriod
DA:194,512
BRDA:194,6,0,256
BRDA:194,6,1,256
DA:197,256
FN:209,DGBankrollManager.setOperatorToBankroll
FNDA:3105,DGBankrollManager.setOperatorToBankroll
DA:211,3105
BRDA:211,7,0,256
BRDA:211,7,1,2849
DA:214,2849
BRDA:214,8,0,256
BRDA:214,8,1,2593
DA:217,2593
DA:220,2593
FN:230,DGBankrollManager.addOperator
FNDA:1310,DGBankrollManager.addOperator
DA:232,1054
BRDA:232,9,0,256
BRDA:232,9,1,798
DA:235,798
FN:245,DGBankrollManager.blockOperator
FNDA:256,DGBankrollManager.blockOperator
DA:247,256
FN:262,DGBankrollManager.claimProfit
FNDA:771,DGBankrollManager.claimProfit
DA:264,771
BRDA:264,10,0,-
BRDA:264,10,1,771
DA:267,771
BRDA:267,11,0,1
BRDA:267,11,1,770
DA:270,770
DA:273,770
DA:276,770
DA:279,770
DA:282,770
BRDA:282,12,0,1
BRDA:282,12,1,769
DA:285,769
DA:288,769
DA:291,769
DA:294,769
DA:295,2305
BRDA:295,13,0,-
BRDA:295,13,1,2049
DA:297,2049
DA:300,2049
DA:303,2049
DA:308,769
DA:310,769
FN:322,DGBankrollManager.operatorOfBankroll
FNDA:5383,DGBankrollManager.operatorOfBankroll
DA:324,8488
DA:327,8488
DA:328,18439
BRDA:328,14,0,5381
BRDA:328,14,1,18439
DA:329,5381
FN:349,DGBankrollManager._isContract
FNDA:4235,DGBankrollManager._isContract
DA:350,4235
DA:353,4235
DA:356,4235
FNF:12
FNH:12
LF:48
LH:48
BRF:30
BRH:28
end_of_record
TN:
SF:test/mock/MockToken.sol
FN:10,MockToken.mint
FNDA:4423,MockToken.mint
DA:11,4423
FNF:1
FNH:1
LF:1
LH:1
BRF:0
BRH:0
end_of_record
