TN:
SF:src/Bankroll.sol
FN:133,Bankroll.initialize
FNDA:47,Bankroll.initialize
DA:143,47
BRDA:143,0,0,-
BRDA:143,0,1,47
DA:146,47
BRDA:146,1,0,-
BRDA:146,1,1,47
DA:149,47
BRDA:149,2,0,-
BRDA:149,2,1,47
DA:152,47
DA:153,47
DA:156,47
DA:159,47
DA:162,47
DA:165,47
DA:168,47
DA:171,47
DA:174,47
DA:177,47
DA:180,47
DA:183,47
DA:186,47
DA:189,47
DA:192,47
FN:208,Bankroll.depositFunds
FNDA:1810,Bankroll.depositFunds
DA:211,1810
DA:212,2
BRDA:210,3,0,1
BRDA:210,3,1,1809
DA:213,1
DA:216,1809
BRDA:216,4,0,256
BRDA:216,4,1,1553
DA:219,1553
DA:223,1553
DA:226,1553
DA:229,1553
DA:232,1553
DA:235,1553
DA:238,1553
DA:239,1553
BRDA:239,5,0,1040
BRDA:239,5,1,513
DA:240,1040
DA:242,513
DA:246,1553
DA:249,1553
FN:258,Bankroll.withdrawalStageOne
FNDA:771,Bankroll.withdrawalStageOne
DA:260,771
BRDA:260,6,0,-
BRDA:260,6,1,771
DA:263,771
BRDA:263,7,0,-
BRDA:263,7,1,771
DA:266,771
BRDA:266,8,0,-
BRDA:266,8,1,771
DA:269,771
DA:273,771
DA:274,256
BRDA:272,9,0,-
BRDA:272,9,1,771
DA:275,0
DA:278,771
BRDA:278,10,0,-
BRDA:278,10,1,771
DA:281,771
DA:288,771
DA:291,771
FN:298,Bankroll.withdrawalStageTwo
FNDA:258,Bankroll.withdrawalStageTwo
DA:300,258
DA:303,258
BRDA:303,11,0,-
BRDA:303,11,1,258
DA:307,258
DA:308,1
BRDA:306,12,0,257
BRDA:306,12,1,1
DA:309,257
DA:312,1
DA:315,1
FN:327,Bankroll.debit
FNDA:263,Bankroll.debit
DA:329,263
BRDA:329,13,0,-
BRDA:329,13,1,263
DA:332,263
BRDA:332,14,0,1
BRDA:332,14,1,262
DA:335,262
DA:338,262
BRDA:338,15,0,-
BRDA:338,15,1,262
DA:341,262
BRDA:341,16,0,1
BRDA:341,16,1,262
DA:343,1
DA:346,1
DA:350,262
DA:353,262
DA:356,262
BRDA:356,17,0,-
BRDA:356,17,1,260
DA:357,260
DA:360,260
DA:363,260
DA:369,2
DA:372,2
DA:375,2
DA:378,2
DA:382,262
DA:385,262
FN:396,Bankroll.credit
FNDA:3845,Bankroll.credit
DA:398,3845
BRDA:398,18,0,768
BRDA:398,18,1,3077
DA:401,3077
BRDA:401,19,0,513
BRDA:401,19,1,2564
DA:404,2564
DA:407,2564
DA:410,2564
DA:413,2564
DA:416,2564
DA:419,2564
DA:422,2564
FN:432,Bankroll.setWithdrawalDelay
FNDA:256,Bankroll.setWithdrawalDelay
DA:433,256
BRDA:433,20,0,-
BRDA:433,20,1,256
DA:435,256
BRDA:435,21,0,-
BRDA:435,21,1,256
DA:437,256
FN:447,Bankroll.setWithdrawalWindow
FNDA:1,Bankroll.setWithdrawalWindow
DA:448,1
BRDA:448,22,0,-
BRDA:448,22,1,1
DA:450,1
BRDA:450,23,0,-
BRDA:450,23,1,1
DA:452,1
FN:462,Bankroll.setWithdrawalEventPeriod
FNDA:256,Bankroll.setWithdrawalEventPeriod
DA:463,256
BRDA:463,24,0,-
BRDA:463,24,1,256
DA:465,256
FN:475,Bankroll.setMinimumDepositionTime
FNDA:1,Bankroll.setMinimumDepositionTime
DA:476,1
FN:488,Bankroll.setWithdrawableTimeOf
FNDA:1,Bankroll.setWithdrawableTimeOf
DA:489,1
FN:499,Bankroll.updateBankrollManager
FNDA:512,Bankroll.updateBankrollManager
DA:501,512
BRDA:501,25,0,256
BRDA:501,25,1,256
DA:504,256
DA:507,256
DA:510,256
FN:520,Bankroll.updateEscrow
FNDA:0,Bankroll.updateEscrow
DA:522,0
BRDA:522,26,0,-
BRDA:522,26,1,-
DA:525,0
FN:536,Bankroll.setInvestorWhitelist
FNDA:3,Bankroll.setInvestorWhitelist
DA:539,3
DA:540,3
BRDA:538,27,0,1
BRDA:538,27,1,2
DA:541,1
DA:544,2
FN:554,Bankroll.setPublic
FNDA:2,Bankroll.setPublic
DA:556,2
FN:566,Bankroll.setMinimumLp
FNDA:256,Bankroll.setMinimumLp
DA:568,256
FN:578,Bankroll.changeMaxRisk
FNDA:512,Bankroll.changeMaxRisk
DA:580,512
BRDA:580,28,0,256
BRDA:580,28,1,256
DA:583,256
FN:593,Bankroll.changeEscrowThreshold
FNDA:6,Bankroll.changeEscrowThreshold
DA:595,6
FN:605,Bankroll.nullGgrOf
FNDA:1793,Bankroll.nullGgrOf
DA:607,1793
DA:610,1793
FN:618,Bankroll.maxContractsApprove
FNDA:795,Bankroll.maxContractsApprove
DA:620,795
DA:626,795
FN:645,Bankroll.previewMint
FNDA:0,Bankroll.previewMint
DA:648,0
DA:649,0
BRDA:649,29,0,-
BRDA:649,29,1,-
DA:650,0
DA:652,0
FN:663,Bankroll.previewRedeem
FNDA:0,Bankroll.previewRedeem
DA:664,1
FN:674,Bankroll.liquidity
FNDA:8,Bankroll.liquidity
DA:675,1827
BRDA:675,30,0,-
BRDA:675,30,1,1826
DA:676,1826
DA:677,1
BRDA:677,31,0,-
BRDA:677,31,1,1
DA:678,1
FN:690,Bankroll.getLpValue
FNDA:258,Bankroll.getLpValue
DA:691,258
BRDA:691,32,0,2
BRDA:691,32,1,256
DA:692,2
DA:694,256
FN:706,Bankroll.getLpStake
FNDA:1536,Bankroll.getLpStake
DA:707,1536
BRDA:707,33,0,1280
BRDA:707,33,1,256
DA:708,1280
DA:710,256
FN:720,Bankroll.getMaxRisk
FNDA:0,Bankroll.getMaxRisk
DA:721,262
FN:732,Bankroll.calculateLiquidityPercentageAmount
FNDA:1,Bankroll.calculateLiquidityPercentageAmount
DA:733,1
FN:749,Bankroll._mint
FNDA:1553,Bankroll._mint
DA:751,1553
DA:754,1553
FN:764,Bankroll._burn
FNDA:1,Bankroll._burn
DA:766,1
DA:769,1
FN:778,Bankroll._withdraw
FNDA:1,Bankroll._withdraw
DA:780,1
DA:783,1
DA:786,1
DA:789,1
DA:792,1
DA:795,1
DA:798,1
FN:810,Bankroll._isContract
FNDA:700,Bankroll._isContract
DA:811,700
DA:814,700
DA:817,700
FNF:31
FNH:27
LF:140
LH:133
BRF:68
BRH:45
end_of_record
TN:
SF:src/DGBankrollFactory.sol
FN:76,DGBankrollFactory.initialize
FNDA:21,DGBankrollFactory.initialize
DA:84,21
DA:85,21
DA:86,21
DA:87,21
DA:88,21
DA:91,21
DA:92,21
DA:93,21
FN:107,DGBankrollFactory.deployBankroll
FNDA:768,DGBankrollFactory.deployBankroll
DA:114,768
BRDA:114,0,0,256
BRDA:114,0,1,512
DA:117,512
BRDA:117,1,0,256
BRDA:117,1,1,256
DA:120,256
DA:123,256
DA:134,256
DA:137,256
FN:148,DGBankrollFactory.setBankrollImplementation
FNDA:768,DGBankrollFactory.setBankrollImplementation
DA:150,512
BRDA:150,2,0,256
BRDA:150,2,1,256
DA:153,256
FN:164,DGBankrollFactory.setDgBankrollManager
FNDA:768,DGBankrollFactory.setDgBankrollManager
DA:166,512
BRDA:166,3,0,256
BRDA:166,3,1,256
DA:169,256
FN:180,DGBankrollFactory.setDgEscrow
FNDA:512,DGBankrollFactory.setDgEscrow
DA:182,512
BRDA:182,4,0,256
BRDA:182,4,1,256
DA:185,256
FN:196,DGBankrollFactory.setDgAdmin
FNDA:512,DGBankrollFactory.setDgAdmin
DA:197,256
FN:208,DGBankrollFactory.setDeGaming
FNDA:256,DGBankrollFactory.setDeGaming
DA:209,256
FN:227,DGBankrollFactory.predictBankrollAddress
FNDA:256,DGBankrollFactory.predictBankrollAddress
DA:228,256
FN:246,DGBankrollFactory._isContract
FNDA:2304,DGBankrollFactory._isContract
DA:247,2304
DA:250,2304
DA:253,2304
FNF:9
FNH:9
LF:26
LH:26
BRF:10
BRH:10
end_of_record
TN:
SF:src/DGBankrollManager.sol
FN:89,DGBankrollManager.initialize
FNDA:47,DGBankrollManager.initialize
DA:91,47
DA:93,47
DA:96,47
DA:99,47
FN:117,DGBankrollManager.approveBankroll
FNDA:560,DGBankrollManager.approveBankroll
DA:119,560
BRDA:119,0,0,256
BRDA:119,0,1,304
DA:122,304
BRDA:122,1,0,11
BRDA:122,1,1,293
DA:125,293
DA:128,293
DA:131,293
FN:142,DGBankrollManager.blockBankroll
FNDA:1,DGBankrollManager.blockBankroll
DA:144,1
DA:147,1
FN:158,DGBankrollManager.updateLpFee
FNDA:768,DGBankrollManager.updateLpFee
DA:160,768
BRDA:160,2,0,256
BRDA:160,2,1,512
DA:163,512
BRDA:163,3,0,256
BRDA:163,3,1,256
DA:166,256
FN:178,DGBankrollManager.updateEventPeriod
FNDA:512,DGBankrollManager.updateEventPeriod
DA:180,512
BRDA:180,4,0,256
BRDA:180,4,1,256
DA:183,256
FN:194,DGBankrollManager.setDeGaming
FNDA:256,DGBankrollManager.setDeGaming
DA:195,256
FN:207,DGBankrollManager.setOperatorToBankroll
FNDA:3109,DGBankrollManager.setOperatorToBankroll
DA:209,3109
BRDA:209,5,0,-
BRDA:209,5,1,3109
DA:212,3109
BRDA:212,6,0,256
BRDA:212,6,1,2853
DA:215,2853
BRDA:215,7,0,256
BRDA:215,7,1,2597
DA:218,2597
DA:221,2597
DA:224,2597
FN:236,DGBankrollManager.removeOperatorFromBankroll
FNDA:512,DGBankrollManager.removeOperatorFromBankroll
DA:238,512
BRDA:238,8,0,-
BRDA:238,8,1,512
DA:241,512
BRDA:241,9,0,-
BRDA:241,9,1,512
DA:244,512
DA:247,512
DA:250,512
DA:251,1024
BRDA:251,10,0,512
BRDA:251,10,1,512
DA:252,512
DA:253,512
DA:258,512
BRDA:258,11,0,-
BRDA:258,11,1,-
DA:260,0
DA:264,512
DA:267,512
FN:277,DGBankrollManager.addOperator
FNDA:1318,DGBankrollManager.addOperator
DA:279,1318
BRDA:279,12,0,256
BRDA:279,12,1,1062
DA:282,1062
FN:292,DGBankrollManager.blockOperator
FNDA:256,DGBankrollManager.blockOperator
DA:294,256
FN:309,DGBankrollManager.claimProfit
FNDA:515,DGBankrollManager.claimProfit
DA:311,515
BRDA:311,13,0,1
BRDA:311,13,1,514
DA:314,514
DA:317,514
DA:320,514
DA:323,514
DA:326,514
BRDA:326,14,0,1
BRDA:326,14,1,513
DA:329,513
DA:332,513
DA:335,513
DA:338,513
DA:339,2049
BRDA:339,15,0,-
BRDA:339,15,1,1793
DA:341,1793
DA:344,1793
DA:347,1793
DA:352,513
DA:355,513
DA:358,513
DA:361,513
DA:364,513
FN:382,DGBankrollManager._isContract
FNDA:4475,DGBankrollManager._isContract
DA:383,4475
DA:386,4475
DA:389,4475
FNF:12
FNH:12
LF:60
LH:59
BRF:32
BRH:26
end_of_record
TN:
SF:src/DGEscrow.sol
FN:82,DGEscrow.initialize
FNDA:47,DGEscrow.initialize
DA:84,47
DA:87,47
BRDA:87,0,0,-
BRDA:87,0,1,47
DA:89,47
DA:90,47
DA:93,47
DA:96,47
DA:99,47
FN:112,DGEscrow.depositFunds
FNDA:260,DGEscrow.depositFunds
DA:114,260
BRDA:114,1,0,-
BRDA:114,1,1,260
DA:117,260
DA:127,260
DA:130,260
DA:133,260
DA:136,260
DA:139,260
DA:142,260
DA:145,260
DA:148,260
DA:151,260
FN:161,DGEscrow.releaseFunds
FNDA:1,DGEscrow.releaseFunds
DA:163,1
BRDA:163,2,0,-
BRDA:163,2,1,1
DA:166,1
DA:169,1
DA:172,1
DA:175,1
DA:178,1
DA:181,1
DA:184,1
DA:187,1
FN:197,DGEscrow.revertFunds
FNDA:1,DGEscrow.revertFunds
DA:199,1
BRDA:199,3,0,-
BRDA:199,3,1,1
DA:202,1
DA:205,1
DA:208,1
DA:211,1
DA:214,1
BRDA:214,4,0,-
BRDA:214,4,1,1
DA:217,1
DA:220,1
DA:223,1
DA:226,1
DA:229,1
DA:234,0
FN:246,DGEscrow.toggleLockEscrow
FNDA:1,DGEscrow.toggleLockEscrow
DA:248,1
BRDA:248,5,0,-
BRDA:248,5,1,1
DA:251,1
FN:262,DGEscrow.claimUnaddressed
FNDA:257,DGEscrow.claimUnaddressed
DA:263,257
BRDA:263,6,0,1
BRDA:263,6,1,256
DA:266,256
BRDA:266,7,0,-
BRDA:266,7,1,256
DA:269,256
DA:272,256
BRDA:272,8,0,-
BRDA:272,8,1,256
DA:275,256
BRDA:275,9,0,-
BRDA:275,9,1,256
DA:278,256
DA:281,256
DA:284,256
DA:287,256
DA:290,256
DA:293,256
DA:296,256
FN:306,DGEscrow.updateBankrollManager
FNDA:512,DGEscrow.updateBankrollManager
DA:308,512
BRDA:308,10,0,256
BRDA:308,10,1,256
DA:311,256
FN:321,DGEscrow.setEventPeriod
FNDA:256,DGEscrow.setEventPeriod
DA:323,256
FN:341,DGEscrow._decode
FNDA:258,DGEscrow._decode
DA:342,258
FN:354,DGEscrow._isContract
FNDA:559,DGEscrow._isContract
DA:355,559
DA:358,559
DA:361,559
FNF:10
FNH:10
LF:60
LH:59
BRF:22
BRH:13
end_of_record
TN:
SF:test/mock/MockToken.sol
FN:10,MockToken.mint
FNDA:601,MockToken.mint
DA:11,601
FNF:1
FNH:1
LF:1
LH:1
BRF:0
BRH:0
end_of_record
